<?xml version="1.0" encoding="UTF-8"?>
<!-- Generated by org.testng.reporters.JUnitXMLReporter -->
<testsuite ignored="0" hostname="DESKTOP-MS19N6O" failures="0" tests="3" name="Default test" time="0.157" errors="0" timestamp="2021-11-30T23:19:46 IST">
  <testcase classname="com.Testing.Datadriven" name="Userid" time="0.013"/>
  <testcase classname="com.Testing.Datadriven" name="Userid" time="0.003"/>
  <testcase classname="com.Testing.Datadriven" name="Userid" time="0.002"/>
</testsuite> <!-- Default test -->
