<?xml version="1.0" encoding="UTF-8"?>
<!-- Generated by org.testng.reporters.JUnitXMLReporter -->
<testsuite ignored="0" hostname="DESKTOP-MS19N6O" failures="0" tests="7" name="Test" time="54.964" errors="0" timestamp="2021-11-30T23:40:21 IST">
  <testcase classname="com.Testing.Success" name="SucessTest" time="0.009"/>
  <testcase classname="com.Testing.Surround" name="Surrounddemo" time="0.003"/>
  <testcase classname="com.Testing.Surround" name="Surroundfirst" time="0.013"/>
  <testcase classname="com.Testing.Screenshots3" name="ScreenshotTest" time="25.495"/>
  <testcase classname="com.Testing.Mouse" name="MouseTEST" time="29.314"/>
  <testcase classname="com.Testing.DumbleDore" name="DumbleDoredemo" time="0.007"/>
  <testcase classname="com.Testing.DumbleDore" name="DumbleDorefirst" time="0.003"/>
</testsuite> <!-- Test -->
